#
# There is insufficient memory for the Java Runtime Environment to continue.
# Native memory allocation (malloc) failed to allocate 1510448 bytes for Chunk::new
# Possible reasons:
#   The system is out of physical RAM or swap space
#   The process is running with CompressedOops enabled, and the Java Heap may be blocking the growth of the native heap
# Possible solutions:
#   Reduce memory load on the system
#   Increase physical memory or swap space
#   Check if swap backing store is full
#   Decrease Java heap size (-Xmx/-Xms)
#   Decrease number of Java threads
#   Decrease Java thread stack sizes (-Xss)
#   Set larger code cache with -XX:ReservedCodeCacheSize=
#   JVM is running with Unscaled Compressed Oops mode in which the Java heap is
#     placed in the first 4GB address space. The Java Heap base address is the
#     maximum limit for the native heap growth. Please use -XX:HeapBaseMinAddress
#     to set the Java Heap base and to place the Java Heap above 4GB virtual address.
# This output file may be truncated or incomplete.
#
#  Out of Memory Error (allocation.cpp:389), pid=5056, tid=0x0000000000002350
#
# JRE version: Java(TM) SE Runtime Environment (8.0_333-b02) (build 1.8.0_333-b02)
# Java VM: Java HotSpot(TM) 64-Bit Server VM (25.333-b02 mixed mode windows-amd64 compressed oops)
# Failed to write core dump. Minidumps are not enabled by default on client versions of Windows
#

---------------  T H R E A D  ---------------

Current thread (0x00000150acbcb000):  JavaThread "C2 CompilerThread0" daemon [_thread_in_native, id=9040, stack(0x00000006e8200000,0x00000006e8300000)]

Stack: [0x00000006e8200000,0x00000006e8300000]
Native frames: (J=compiled Java code, j=interpreted, Vv=VM code, C=native code)
V  [jvm.dll+0x32fc49]
V  [jvm.dll+0x2761a2]
V  [jvm.dll+0x276e4d]
V  [jvm.dll+0x26d7f5]
V  [jvm.dll+0xd5a0c]
V  [jvm.dll+0xd620c]
V  [jvm.dll+0x4716f5]
V  [jvm.dll+0x438d60]
V  [jvm.dll+0x441d65]
V  [jvm.dll+0x441125]
V  [jvm.dll+0x42becb]
V  [jvm.dll+0xac68b]
V  [jvm.dll+0xaaceb]
V  [jvm.dll+0x23e6f2]
V  [jvm.dll+0x292edc]
C  [ucrtbase.dll+0x21bb2]
C  [KERNEL32.DLL+0x17034]
C  [ntdll.dll+0x52651]


Current CompileTask:
C2:  15323 3344       4       org.springframework.core.annotation.TypeMappedAnnotations::get (52 bytes)


---------------  P R O C E S S  ---------------

Java Threads: ( => current thread )
  0x00000150b04f6800 JavaThread "container-0" [_thread_blocked, id=10072, stack(0x00000006e8d00000,0x00000006e8e00000)]
  0x00000150b04f5800 JavaThread "Catalina-utility-2" [_thread_blocked, id=8160, stack(0x00000006e8c00000,0x00000006e8d00000)]
  0x00000150b04f4800 JavaThread "Catalina-utility-1" [_thread_blocked, id=1748, stack(0x00000006e8b00000,0x00000006e8c00000)]
  0x00000150b04f4000 JavaThread "mysql-cj-abandoned-connection-cleanup" daemon [_thread_blocked, id=3540, stack(0x00000006e8900000,0x00000006e8a00000)]
  0x00000150ae1fc000 JavaThread "restartedMain" [_thread_in_vm, id=1516, stack(0x00000006e8800000,0x00000006e8900000)]
  0x00000150ae1d9800 JavaThread "Thread-0" [_thread_blocked, id=3640, stack(0x00000006e8700000,0x00000006e8800000)]
  0x00000150acc45800 JavaThread "Service Thread" daemon [_thread_blocked, id=760, stack(0x00000006e8500000,0x00000006e8600000)]
  0x00000150acbd2800 JavaThread "C1 CompilerThread2" daemon [_thread_blocked, id=4108, stack(0x00000006e8400000,0x00000006e8500000)]
  0x00000150acbcf000 JavaThread "C2 CompilerThread1" daemon [_thread_blocked, id=5596, stack(0x00000006e8300000,0x00000006e8400000)]
=>0x00000150acbcb000 JavaThread "C2 CompilerThread0" daemon [_thread_in_native, id=9040, stack(0x00000006e8200000,0x00000006e8300000)]
  0x00000150acbc6000 JavaThread "Attach Listener" daemon [_thread_blocked, id=6260, stack(0x00000006e8100000,0x00000006e8200000)]
  0x00000150acbc5000 JavaThread "Signal Dispatcher" daemon [_thread_blocked, id=7304, stack(0x00000006e8000000,0x00000006e8100000)]
  0x00000150acba0800 JavaThread "Finalizer" daemon [_thread_blocked, id=1720, stack(0x00000006e7f00000,0x00000006e8000000)]
  0x00000150ac46e000 JavaThread "Reference Handler" daemon [_thread_blocked, id=11084, stack(0x00000006e7e00000,0x00000006e7f00000)]
  0x0000015099cff000 JavaThread "main" [_thread_blocked, id=11420, stack(0x00000006e7800000,0x00000006e7900000)]

Other Threads:
  0x00000150acb75000 VMThread [stack: 0x00000006e7d00000,0x00000006e7e00000] [id=10552]
  0x00000150acc81000 WatcherThread [stack: 0x00000006e8600000,0x00000006e8700000] [id=2408]

VM state:not at safepoint (normal execution)

VM Mutex/Monitor currently owned by a thread: None

heap address: 0x00000000e1a00000, size: 486 MB, Compressed Oops mode: 32-bit
Narrow klass base: 0x0000000000000000, Narrow klass shift: 3
Compressed class space size: 1073741824 Address: 0x0000000100000000

Heap:
 PSYoungGen      total 73728K, used 30661K [0x00000000f5e00000, 0x00000000fac00000, 0x0000000100000000)
  eden space 68096K, 45% used [0x00000000f5e00000,0x00000000f7bf1420,0x00000000fa080000)
  from space 5632K, 0% used [0x00000000fa080000,0x00000000fa080000,0x00000000fa600000)
  to   space 5120K, 0% used [0x00000000fa600000,0x00000000fa600000,0x00000000fab00000)
 ParOldGen       total 23552K, used 11750K [0x00000000e1a00000, 0x00000000e3100000, 0x00000000f5e00000)
  object space 23552K, 49% used [0x00000000e1a00000,0x00000000e2579980,0x00000000e3100000)
 Metaspace       used 37823K, capacity 40040K, committed 40232K, reserved 1083392K
  class space    used 4905K, capacity 5301K, committed 5416K, reserved 1048576K

Card table byte_map: [0x00000150aa980000,0x00000150aaa80000] byte_map_base: 0x00000150aa273000

Marking Bits: (ParMarkBitMap*) 0x0000000077429030
 Begin Bits: [0x00000150aab30000, 0x00000150ab2c8000)
 End Bits:   [0x00000150ab2c8000, 0x00000150aba60000)

Polling page: 0x000001509b590000

CodeCache: size=245760Kb used=11280Kb max_used=11292Kb free=234479Kb
 bounds [0x000001509b5c0000, 0x000001509c0e0000, 0x00000150aa5c0000]
 total_blobs=3608 nmethods=3164 adapters=356
 compilation: enabled

Compilation events (10 events):
Event: 15.192 Thread 0x00000150acbd2800 nmethod 3407 0x000001509c0b8490 code [0x000001509c0b9000, 0x000001509c0c2f10]
Event: 15.206 Thread 0x00000150acbd2800 3408       3       java.util.Calendar::internalGet (7 bytes)
Event: 15.207 Thread 0x00000150acbd2800 nmethod 3408 0x000001509b6f0a10 code [0x000001509b6f0b60, 0x000001509b6f0cd8]
Event: 15.238 Thread 0x00000150acbcf000 nmethod 3372 0x000001509c0cdc10 code [0x000001509c0cdf80, 0x000001509c0d0c60]
Event: 15.238 Thread 0x00000150acbcf000 3397       4       java.lang.reflect.Method::hashCode (19 bytes)
Event: 15.247 Thread 0x00000150acbcf000 nmethod 3397 0x000001509bb3f5d0 code [0x000001509bb3f720, 0x000001509bb3fa48]
Event: 15.247 Thread 0x00000150acbcf000 3348       4       java.lang.reflect.Method::copy (84 bytes)
Event: 15.250 Thread 0x00000150acbcf000 nmethod 3348 0x000001509b910550 code [0x000001509b9106a0, 0x000001509b910838]
Event: 15.255 Thread 0x00000150acbd2800 3409       3       java.net.URLStreamHandler::setURL (159 bytes)
Event: 15.257 Thread 0x00000150acbd2800 nmethod 3409 0x000001509c0a78d0 code [0x000001509c0a7b40, 0x000001509c0a8f30]

GC Heap History (10 events):
Event: 5.135 GC heap before
{Heap before GC invocations=9 (full 1):
 PSYoungGen      total 73216K, used 5003K [0x00000000f5e00000, 0x00000000fac00000, 0x0000000100000000)
  eden space 68096K, 0% used [0x00000000f5e00000,0x00000000f5e00000,0x00000000fa080000)
  from space 5120K, 97% used [0x00000000fa600000,0x00000000faae2d60,0x00000000fab00000)
  to   space 5632K, 0% used [0x00000000fa080000,0x00000000fa080000,0x00000000fa600000)
 ParOldGen       total 22016K, used 8578K [0x00000000e1a00000, 0x00000000e2f80000, 0x00000000f5e00000)
  object space 22016K, 38% used [0x00000000e1a00000,0x00000000e2260a30,0x00000000e2f80000)
 Metaspace       used 20210K, capacity 21082K, committed 21296K, reserved 1067008K
  class space    used 2631K, capacity 2822K, committed 2944K, reserved 1048576K
Event: 5.251 GC heap after
Heap after GC invocations=9 (full 1):
 PSYoungGen      total 73216K, used 0K [0x00000000f5e00000, 0x00000000fac00000, 0x0000000100000000)
  eden space 68096K, 0% used [0x00000000f5e00000,0x00000000f5e00000,0x00000000fa080000)
  from space 5120K, 0% used [0x00000000fa600000,0x00000000fa600000,0x00000000fab00000)
  to   space 5632K, 0% used [0x00000000fa080000,0x00000000fa080000,0x00000000fa600000)
 ParOldGen       total 23552K, used 8558K [0x00000000e1a00000, 0x00000000e3100000, 0x00000000f5e00000)
  object space 23552K, 36% used [0x00000000e1a00000,0x00000000e225b928,0x00000000e3100000)
 Metaspace       used 20210K, capacity 21082K, committed 21296K, reserved 1067008K
  class space    used 2631K, capacity 2822K, committed 2944K, reserved 1048576K
}
Event: 7.710 GC heap before
{Heap before GC invocations=10 (full 1):
 PSYoungGen      total 73216K, used 68096K [0x00000000f5e00000, 0x00000000fac00000, 0x0000000100000000)
  eden space 68096K, 100% used [0x00000000f5e00000,0x00000000fa080000,0x00000000fa080000)
  from space 5120K, 0% used [0x00000000fa600000,0x00000000fa600000,0x00000000fab00000)
  to   space 5632K, 0% used [0x00000000fa080000,0x00000000fa080000,0x00000000fa600000)
 ParOldGen       total 23552K, used 8558K [0x00000000e1a00000, 0x00000000e3100000, 0x00000000f5e00000)
  object space 23552K, 36% used [0x00000000e1a00000,0x00000000e225b928,0x00000000e3100000)
 Metaspace       used 25048K, capacity 26272K, committed 26368K, reserved 1073152K
  class space    used 3257K, capacity 3513K, committed 3584K, reserved 1048576K
Event: 7.761 GC heap after
Heap after GC invocations=10 (full 1):
 PSYoungGen      total 73728K, used 5614K [0x00000000f5e00000, 0x00000000fac00000, 0x0000000100000000)
  eden space 68096K, 0% used [0x00000000f5e00000,0x00000000f5e00000,0x00000000fa080000)
  from space 5632K, 99% used [0x00000000fa080000,0x00000000fa5fbb98,0x00000000fa600000)
  to   space 5120K, 0% used [0x00000000fa600000,0x00000000fa600000,0x00000000fab00000)
 ParOldGen       total 23552K, used 10891K [0x00000000e1a00000, 0x00000000e3100000, 0x00000000f5e00000)
  object space 23552K, 46% used [0x00000000e1a00000,0x00000000e24a2d98,0x00000000e3100000)
 Metaspace       used 25048K, capacity 26272K, committed 26368K, reserved 1073152K
  class space    used 3257K, capacity 3513K, committed 3584K, reserved 1048576K
}
Event: 12.084 GC heap before
{Heap before GC invocations=11 (full 1):
 PSYoungGen      total 73728K, used 73710K [0x00000000f5e00000, 0x00000000fac00000, 0x0000000100000000)
  eden space 68096K, 100% used [0x00000000f5e00000,0x00000000fa080000,0x00000000fa080000)
  from space 5632K, 99% used [0x00000000fa080000,0x00000000fa5fbb98,0x00000000fa600000)
  to   space 5120K, 0% used [0x00000000fa600000,0x00000000fa600000,0x00000000fab00000)
 ParOldGen       total 23552K, used 10891K [0x00000000e1a00000, 0x00000000e3100000, 0x00000000f5e00000)
  object space 23552K, 46% used [0x00000000e1a00000,0x00000000e24a2d98,0x00000000e3100000)
 Metaspace       used 32598K, capacity 34626K, committed 34944K, reserved 1079296K
  class space    used 4293K, capacity 4630K, committed 4736K, reserved 1048576K
Event: 12.159 GC heap after
Heap after GC invocations=11 (full 1):
 PSYoungGen      total 73216K, used 5089K [0x00000000f5e00000, 0x00000000fac00000, 0x0000000100000000)
  eden space 68096K, 0% used [0x00000000f5e00000,0x00000000f5e00000,0x00000000fa080000)
  from space 5120K, 99% used [0x00000000fa600000,0x00000000faaf8590,0x00000000fab00000)
  to   space 5632K, 0% used [0x00000000fa080000,0x00000000fa080000,0x00000000fa600000)
 ParOldGen       total 23552K, used 17037K [0x00000000e1a00000, 0x00000000e3100000, 0x00000000f5e00000)
  object space 23552K, 72% used [0x00000000e1a00000,0x00000000e2aa36c8,0x00000000e3100000)
 Metaspace       used 32598K, capacity 34626K, committed 34944K, reserved 1079296K
  class space    used 4293K, capacity 4630K, committed 4736K, reserved 1048576K
}
Event: 12.753 GC heap before
{Heap before GC invocations=12 (full 1):
 PSYoungGen      total 73216K, used 19287K [0x00000000f5e00000, 0x00000000fac00000, 0x0000000100000000)
  eden space 68096K, 20% used [0x00000000f5e00000,0x00000000f6bdd758,0x00000000fa080000)
  from space 5120K, 99% used [0x00000000fa600000,0x00000000faaf8590,0x00000000fab00000)
  to   space 5632K, 0% used [0x00000000fa080000,0x00000000fa080000,0x00000000fa600000)
 ParOldGen       total 23552K, used 17037K [0x00000000e1a00000, 0x00000000e3100000, 0x00000000f5e00000)
  object space 23552K, 72% used [0x00000000e1a00000,0x00000000e2aa36c8,0x00000000e3100000)
 Metaspace       used 33372K, capacity 35420K, committed 35496K, reserved 1079296K
  class space    used 4385K, capacity 4753K, committed 4776K, reserved 1048576K
Event: 12.777 GC heap after
Heap after GC invocations=12 (full 1):
 PSYoungGen      total 73728K, used 1068K [0x00000000f5e00000, 0x00000000fac00000, 0x0000000100000000)
  eden space 68096K, 0% used [0x00000000f5e00000,0x00000000f5e00000,0x00000000fa080000)
  from space 5632K, 18% used [0x00000000fa080000,0x00000000fa18b370,0x00000000fa600000)
  to   space 5120K, 0% used [0x00000000fa600000,0x00000000fa600000,0x00000000fab00000)
 ParOldGen       total 23552K, used 22077K [0x00000000e1a00000, 0x00000000e3100000, 0x00000000f5e00000)
  object space 23552K, 93% used [0x00000000e1a00000,0x00000000e2f8f4a8,0x00000000e3100000)
 Metaspace       used 33372K, capacity 35420K, committed 35496K, reserved 1079296K
  class space    used 4385K, capacity 4753K, committed 4776K, reserved 1048576K
}
Event: 12.777 GC heap before
{Heap before GC invocations=13 (full 2):
 PSYoungGen      total 73728K, used 1068K [0x00000000f5e00000, 0x00000000fac00000, 0x0000000100000000)
  eden space 68096K, 0% used [0x00000000f5e00000,0x00000000f5e00000,0x00000000fa080000)
  from space 5632K, 18% used [0x00000000fa080000,0x00000000fa18b370,0x00000000fa600000)
  to   space 5120K, 0% used [0x00000000fa600000,0x00000000fa600000,0x00000000fab00000)
 ParOldGen       total 23552K, used 22077K [0x00000000e1a00000, 0x00000000e3100000, 0x00000000f5e00000)
  object space 23552K, 93% used [0x00000000e1a00000,0x00000000e2f8f4a8,0x00000000e3100000)
 Metaspace       used 33372K, capacity 35420K, committed 35496K, reserved 1079296K
  class space    used 4385K, capacity 4753K, committed 4776K, reserved 1048576K
Event: 12.956 GC heap after
Heap after GC invocations=13 (full 2):
 PSYoungGen      total 73728K, used 0K [0x00000000f5e00000, 0x00000000fac00000, 0x0000000100000000)
  eden space 68096K, 0% used [0x00000000f5e00000,0x00000000f5e00000,0x00000000fa080000)
  from space 5632K, 0% used [0x00000000fa080000,0x00000000fa080000,0x00000000fa600000)
  to   space 5120K, 0% used [0x00000000fa600000,0x00000000fa600000,0x00000000fab00000)
 ParOldGen       total 23552K, used 11750K [0x00000000e1a00000, 0x00000000e3100000, 0x00000000f5e00000)
  object space 23552K, 49% used [0x00000000e1a00000,0x00000000e2579980,0x00000000e3100000)
 Metaspace       used 33372K, capacity 35420K, committed 35496K, reserved 1079296K
  class space    used 4385K, capacity 4753K, committed 4776K, reserved 1048576K
}

Deoptimization events (10 events):
Event: 12.379 Thread 0x00000150ae1fc000 Uncommon trap: reason=unstable_if action=reinterpret pc=0x000001509bfca984 method=java.lang.StringCoding$StringDecoder.decode([BII)[C @ 20
Event: 12.696 Thread 0x00000150ae1fc000 Uncommon trap: reason=unstable_if action=reinterpret pc=0x000001509b95af50 method=java.lang.AbstractStringBuilder.append(Ljava/lang/String;)Ljava/lang/AbstractStringBuilder; @ 1
Event: 12.987 Thread 0x00000150ae1fc000 Uncommon trap: reason=unstable_if action=reinterpret pc=0x000001509bf8f098 method=java.util.regex.Pattern$BmpCharProperty.match(Ljava/util/regex/Matcher;ILjava/lang/CharSequence;)Z @ 34
Event: 13.094 Thread 0x00000150ae1fc000 Uncommon trap: reason=unstable_if action=reinterpret pc=0x000001509bf2cd00 method=java.util.Properties.load0(Ljava/util/Properties$LineReader;)V @ 161
Event: 13.256 Thread 0x00000150ae1fc000 Uncommon trap: reason=unstable_if action=reinterpret pc=0x000001509bf65c5c method=java.lang.CharacterDataLatin1.digit(II)I @ 82
Event: 13.398 Thread 0x00000150ae1fc000 Uncommon trap: reason=unstable_if action=reinterpret pc=0x000001509b887aa0 method=sun.misc.ASCIICaseInsensitiveComparator.compare(Ljava/lang/String;Ljava/lang/String;)I @ 83
Event: 14.674 Thread 0x00000150ae1fc000 Uncommon trap: reason=bimorphic action=maybe_recompile pc=0x000001509bf439e8 method=java.lang.Throwable.<init>(Ljava/lang/String;Ljava/lang/Throwable;)V @ 24
Event: 15.056 Thread 0x00000150ae1fc000 Uncommon trap: reason=null_check action=make_not_entrant pc=0x000001509bd33200 method=org.springframework.beans.factory.support.DefaultListableBeanFactory.getBeanDefinition(Ljava/lang/String;)Lorg/springframework/beans/factory/config/BeanDefinition; @ 10
Event: 15.106 Thread 0x00000150ae1fc000 Uncommon trap: reason=unstable_if action=reinterpret pc=0x000001509c03d6a8 method=java.net.URL.<init>(Ljava/net/URL;Ljava/lang/String;Ljava/net/URLStreamHandler;)V @ 57
Event: 15.106 Thread 0x00000150ae1fc000 Uncommon trap: reason=unstable_if action=reinterpret pc=0x000001509c032b40 method=java.net.URLStreamHandler.parseURL(Ljava/net/URL;Ljava/lang/String;II)V @ 57

Classes redefined (0 events):
No events

Internal exceptions (10 events):
Event: 12.005 Thread 0x00000150ae1fc000 Exception <a 'sun/nio/fs/WindowsException'> (0x00000000f9f09b68) thrown at [C:\jenkins\workspace\8-2-build-windows-amd64-cygwin\jdk8u333\2551\hotspot\src\share\vm\prims\jni.cpp, line 710]
Event: 12.010 Thread 0x00000150ae1fc000 Exception <a 'sun/nio/fs/WindowsException'> (0x00000000f9f112d8) thrown at [C:\jenkins\workspace\8-2-build-windows-amd64-cygwin\jdk8u333\2551\hotspot\src\share\vm\prims\jni.cpp, line 710]
Event: 12.010 Thread 0x00000150ae1fc000 Exception <a 'sun/nio/fs/WindowsException'> (0x00000000f9f11ac8) thrown at [C:\jenkins\workspace\8-2-build-windows-amd64-cygwin\jdk8u333\2551\hotspot\src\share\vm\prims\jni.cpp, line 710]
Event: 12.011 Thread 0x00000150ae1fc000 Exception <a 'sun/nio/fs/WindowsException'> (0x00000000f9f12a80) thrown at [C:\jenkins\workspace\8-2-build-windows-amd64-cygwin\jdk8u333\2551\hotspot\src\share\vm\prims\jni.cpp, line 710]
Event: 12.011 Thread 0x00000150ae1fc000 Exception <a 'sun/nio/fs/WindowsException'> (0x00000000f9f13138) thrown at [C:\jenkins\workspace\8-2-build-windows-amd64-cygwin\jdk8u333\2551\hotspot\src\share\vm\prims\jni.cpp, line 710]
Event: 12.296 Thread 0x00000150ae1fc000 Implicit null exception at 0x000001509bf6ea7f to 0x000001509bf71405
Event: 12.433 Thread 0x00000150ae1fc000 Exception <a 'java/io/FileNotFoundException'> (0x00000000f655aa18) thrown at [C:\jenkins\workspace\8-2-build-windows-amd64-cygwin\jdk8u333\2551\hotspot\src\share\vm\prims\jni.cpp, line 710]
Event: 12.696 Thread 0x00000150ae1fc000 Implicit null exception at 0x000001509b95ab96 to 0x000001509b95af39
Event: 14.851 Thread 0x00000150ae1fc000 Exception <a 'java/io/FileNotFoundException'> (0x00000000f71b87b8) thrown at [C:\jenkins\workspace\8-2-build-windows-amd64-cygwin\jdk8u333\2551\hotspot\src\share\vm\prims\jni.cpp, line 710]
Event: 15.056 Thread 0x00000150ae1fc000 Implicit null exception at 0x000001509bd3307f to 0x000001509bd331f5

Events (10 events):
Event: 15.254 loading class org/hibernate/integrator/internal/IntegratorServiceImpl
Event: 15.254 loading class org/hibernate/integrator/internal/IntegratorServiceImpl done
Event: 15.255 loading class org/hibernate/integrator/spi/Integrator
Event: 15.255 loading class org/hibernate/integrator/spi/Integrator done
Event: 15.256 loading class org/hibernate/cfg/beanvalidation/BeanValidationIntegrator
Event: 15.256 loading class org/hibernate/cfg/beanvalidation/BeanValidationIntegrator done
Event: 15.258 loading class org/hibernate/cfg/beanvalidation/IntegrationException
Event: 15.258 loading class org/hibernate/cfg/beanvalidation/IntegrationException done
Event: 15.262 loading class org/hibernate/cfg/beanvalidation/ActivationContext
Event: 15.262 loading class org/hibernate/cfg/beanvalidation/ActivationContext done


Dynamic libraries:
0x00007ff7fa820000 - 0x00007ff7fa867000 	C:\Program Files\Java\jdk1.8.0_333\bin\java.exe
0x00007ffc928f0000 - 0x00007ffc92ae5000 	C:\Windows\SYSTEM32\ntdll.dll
0x00007ffc92740000 - 0x00007ffc927fe000 	C:\Windows\System32\KERNEL32.DLL
0x00007ffc902a0000 - 0x00007ffc90569000 	C:\Windows\System32\KERNELBASE.dll
0x00007ffc92800000 - 0x00007ffc928ac000 	C:\Windows\System32\ADVAPI32.dll
0x00007ffc92190000 - 0x00007ffc9222e000 	C:\Windows\System32\msvcrt.dll
0x00007ffc925c0000 - 0x00007ffc9265b000 	C:\Windows\System32\sechost.dll
0x00007ffc90ba0000 - 0x00007ffc90cca000 	C:\Windows\System32\RPCRT4.dll
0x00007ffc915e0000 - 0x00007ffc91781000 	C:\Windows\System32\USER32.dll
0x00007ffc90270000 - 0x00007ffc90292000 	C:\Windows\System32\win32u.dll
0x00007ffc91020000 - 0x00007ffc9104b000 	C:\Windows\System32\GDI32.dll
0x00007ffc90570000 - 0x00007ffc9067b000 	C:\Windows\System32\gdi32full.dll
0x00007ffc90730000 - 0x00007ffc907cd000 	C:\Windows\System32\msvcp_win.dll
0x00007ffc90170000 - 0x00007ffc90270000 	C:\Windows\System32\ucrtbase.dll
0x00007ffc82de0000 - 0x00007ffc8307a000 	C:\Windows\WinSxS\amd64_microsoft.windows.common-controls_6595b64144ccf1df_6.0.19041.1110_none_60b5254171f9507e\COMCTL32.dll
0x00007ffc92590000 - 0x00007ffc925c0000 	C:\Windows\System32\IMM32.DLL
0x00007ffc80f20000 - 0x00007ffc80f35000 	C:\Program Files\Java\jdk1.8.0_333\jre\bin\vcruntime140.dll
0x00007ffc5c0b0000 - 0x00007ffc5c14b000 	C:\Program Files\Java\jdk1.8.0_333\jre\bin\msvcp140.dll
0x0000000076c40000 - 0x00000000774a1000 	C:\Program Files\Java\jdk1.8.0_333\jre\bin\server\jvm.dll
0x00007ffc914d0000 - 0x00007ffc914d8000 	C:\Windows\System32\PSAPI.DLL
0x00007ffc7d6e0000 - 0x00007ffc7d707000 	C:\Windows\SYSTEM32\WINMM.dll
0x00007ffc80f40000 - 0x00007ffc80f49000 	C:\Windows\SYSTEM32\WSOCK32.dll
0x00007ffc8fb90000 - 0x00007ffc8fb9a000 	C:\Windows\SYSTEM32\VERSION.dll
0x00007ffc90fb0000 - 0x00007ffc9101b000 	C:\Windows\System32\WS2_32.dll
0x00007ffc8dea0000 - 0x00007ffc8deb2000 	C:\Windows\SYSTEM32\kernel.appcore.dll
0x00007ffc7f3f0000 - 0x00007ffc7f400000 	C:\Program Files\Java\jdk1.8.0_333\jre\bin\verify.dll
0x00007ffc779e0000 - 0x00007ffc77a0b000 	C:\Program Files\Java\jdk1.8.0_333\jre\bin\java.dll
0x00007ffc7ddc0000 - 0x00007ffc7ddd8000 	C:\Program Files\Java\jdk1.8.0_333\jre\bin\zip.dll
0x00007ffc91940000 - 0x00007ffc9207f000 	C:\Windows\System32\SHELL32.dll
0x00007ffc8e0a0000 - 0x00007ffc8e830000 	C:\Windows\SYSTEM32\windows.storage.dll
0x00007ffc92230000 - 0x00007ffc92585000 	C:\Windows\System32\combase.dll
0x00007ffc8f9f0000 - 0x00007ffc8fa1c000 	C:\Windows\SYSTEM32\Wldp.dll
0x00007ffc920e0000 - 0x00007ffc9218d000 	C:\Windows\System32\SHCORE.dll
0x00007ffc92080000 - 0x00007ffc920d5000 	C:\Windows\System32\shlwapi.dll
0x00007ffc8ff50000 - 0x00007ffc8ff6f000 	C:\Windows\SYSTEM32\profapi.dll
0x00007ffc7e8a0000 - 0x00007ffc7e8ad000 	C:\Program Files\Java\jdk1.8.0_333\jre\bin\management.dll
0x00007ffc7daf0000 - 0x00007ffc7db0c000 	C:\Program Files\Java\jdk1.8.0_333\jre\bin\net.dll
0x00007ffc8f750000 - 0x00007ffc8f7ba000 	C:\Windows\system32\mswsock.dll
0x00007ffc7e950000 - 0x00007ffc7e967000 	C:\Windows\system32\napinsp.dll
0x00007ffc7e930000 - 0x00007ffc7e94b000 	C:\Windows\system32\pnrpnsp.dll
0x00007ffc7e910000 - 0x00007ffc7e925000 	C:\Windows\system32\wshbth.dll
0x00007ffc8b9e0000 - 0x00007ffc8b9fd000 	C:\Windows\system32\NLAapi.dll
0x00007ffc8f3f0000 - 0x00007ffc8f42b000 	C:\Windows\SYSTEM32\IPHLPAPI.DLL
0x00007ffc8f440000 - 0x00007ffc8f50c000 	C:\Windows\SYSTEM32\DNSAPI.dll
0x00007ffc92710000 - 0x00007ffc92718000 	C:\Windows\System32\NSI.dll
0x00007ffc7e8f0000 - 0x00007ffc7e902000 	C:\Windows\System32\winrnr.dll
0x00007ffc83f40000 - 0x00007ffc83f4a000 	C:\Windows\System32\rasadhlp.dll
0x00007ffc851a0000 - 0x00007ffc8521f000 	C:\Windows\System32\fwpuclnt.dll
0x00007ffc90860000 - 0x00007ffc90887000 	C:\Windows\System32\bcrypt.dll
0x00007ffc7da90000 - 0x00007ffc7daa3000 	C:\Program Files\Java\jdk1.8.0_333\jre\bin\nio.dll
0x00007ffc8f940000 - 0x00007ffc8f958000 	C:\Windows\SYSTEM32\CRYPTSP.dll
0x00007ffc8f060000 - 0x00007ffc8f094000 	C:\Windows\system32\rsaenh.dll
0x00007ffc8fed0000 - 0x00007ffc8fefe000 	C:\Windows\SYSTEM32\USERENV.dll
0x00007ffc907d0000 - 0x00007ffc90853000 	C:\Windows\System32\bcryptprimitives.dll
0x00007ffc8f960000 - 0x00007ffc8f96c000 	C:\Windows\SYSTEM32\CRYPTBASE.dll
0x00007ffc89d80000 - 0x00007ffc89d97000 	C:\Windows\SYSTEM32\dhcpcsvc6.DLL
0x00007ffc89fa0000 - 0x00007ffc89fbd000 	C:\Windows\SYSTEM32\dhcpcsvc.DLL
0x00007ffc79900000 - 0x00007ffc79924000 	C:\Program Files\Java\jdk1.8.0_333\jre\bin\sunec.dll
0x00007ffc80f10000 - 0x00007ffc80f1d000 	C:\Program Files\Java\jdk1.8.0_333\jre\bin\sunmscapi.dll
0x00007ffc90010000 - 0x00007ffc90166000 	C:\Windows\System32\CRYPT32.dll
0x00007ffc8fa60000 - 0x00007ffc8fa87000 	C:\Windows\SYSTEM32\ncrypt.dll
0x00007ffc8fa20000 - 0x00007ffc8fa5b000 	C:\Windows\SYSTEM32\NTASN1.dll
0x00007ffc81970000 - 0x00007ffc81b54000 	C:\Windows\SYSTEM32\dbghelp.dll

VM Arguments:
java_command: com.portfolio.ag.AgApplication
java_class_path (initial): C:\PROYECTOS\proyectointegrador\proyectointegrador\proyectointegrador_grupo91_ag\BackEnd\target\classes;C:\Users\PASTA\.m2\repository\org\springframework\boot\spring-boot-starter-data-jpa\2.7.2\spring-boot-starter-data-jpa-2.7.2.jar;C:\Users\PASTA\.m2\repository\org\springframework\boot\spring-boot-starter-aop\2.7.2\spring-boot-starter-aop-2.7.2.jar;C:\Users\PASTA\.m2\repository\org\springframework\spring-aop\5.3.22\spring-aop-5.3.22.jar;C:\Users\PASTA\.m2\repository\org\aspectj\aspectjweaver\1.9.7\aspectjweaver-1.9.7.jar;C:\Users\PASTA\.m2\repository\org\springframework\boot\spring-boot-starter-jdbc\2.7.2\spring-boot-starter-jdbc-2.7.2.jar;C:\Users\PASTA\.m2\repository\com\zaxxer\HikariCP\4.0.3\HikariCP-4.0.3.jar;C:\Users\PASTA\.m2\repository\org\springframework\spring-jdbc\5.3.22\spring-jdbc-5.3.22.jar;C:\Users\PASTA\.m2\repository\jakarta\transaction\jakarta.transaction-api\1.3.3\jakarta.transaction-api-1.3.3.jar;C:\Users\PASTA\.m2\repository\jakarta\persistence\jakarta.persistence-api\2.2.3\jakarta.persistence-api-2.2.3.jar;C:\Users\PASTA\.m2\repository\org\hibernate\hibernate-core\5.6.10.Final\hibernate-core-5.6.10.Final.jar;C:\Users\PASTA\.m2\repository\org\jboss\logging\jboss-logging\3.4.3.Final\jboss-logging-3.4.3.Final.jar;C:\Users\PASTA\.m2\repository\net\bytebuddy\byte-buddy\1.12.12\byte-buddy-1.12.12.jar;C:\Users\PASTA\.m2\repository\antlr\antlr\2.7.7\antlr-2.7.7.jar;C:\Users\PASTA\.m2\repository\org\jboss\jandex\2.4.2.Final\jandex-2.4.2.Final.jar;C:\Users\PASTA\.m2\repository\com\fasterxml\classmate\1.5.1\classmate-1.5.1.jar;C:\Users\PASTA\.m2\repository\org\hibernate\common\hibernate-commons-annotations\5.1.2.Final\hibernate-commons-annotations-5.1.2.Final.jar;C:\Users\PASTA\.m2\repository\org\glassfish\jaxb\jaxb-runtime\2.3.6\jaxb-runtime-2.3.6.jar;C:\Users\PASTA\.m2\repository\org\glassfish\jaxb\txw2\2.3.6\txw2-2.3.6.jar;C:\Users\PASTA\.m2\repository\com\sun\istack\istack-commons-runtime\3.0.12\istack-commons-runtime-3.0.
Launcher Type: SUN_STANDARD

Environment Variables:
JAVA_HOME=C:\Program Files\Java\jdk1.8.0_333
PATH=C:\Program Files\Amazon Corretto\jdk11.0.16_8\bin;C:\Program Files\Amazon Corretto\jdk11.0.15_9\bin;C:\Program Files\Common Files\Oracle\Java\javapath;C:\Program Files (x86)\Common Files\Oracle\Java\javapath;C:\Windows\system32;C:\Windows;C:\Windows\System32\Wbem;C:\Windows\System32\WindowsPowerShell\v1.0\;C:\Windows\System32\OpenSSH\;C:\Program Files\Microsoft VS Code\bin;C:\Program Files (x86)\dotnet\;C:\Program Files\dotnet\;C:\Program Files (x86)\QuickTime\QTSystem\;C:\Program Files\Git\cmd;C:\Program Files\Git\mingw64\bin;C:\Program Files\Git\usr\bin;C:\Program Files\nodejs\;C:\Program Files\MySQL\MySQL Shell 8.0\bin\;C:\Users\PASTA\AppData\Local\Microsoft\WindowsApps;C:\Users\PASTA\AppData\Roaming\npm;C:\Users\PASTA\AppData\Local\GitHubDesktop\bin
USERNAME=PASTA
OS=Windows_NT
PROCESSOR_IDENTIFIER=Intel64 Family 6 Model 58 Stepping 9, GenuineIntel



---------------  S Y S T E M  ---------------

OS: Windows 10 , 64 bit Build 19041 (10.0.19041.1202)

CPU:total 4 (initial active 4) (2 cores per cpu, 2 threads per core) family 6 model 58 stepping 9, cmov, cx8, fxsr, mmx, sse, sse2, sse3, ssse3, sse4.1, sse4.2, popcnt, avx, aes, clmul, erms, ht, tsc, tscinvbit, tscinv

Memory: 4k page, physical 1985484k(83656k free), swap 8014796k(5404k free)

vm_info: Java HotSpot(TM) 64-Bit Server VM (25.333-b02) for windows-amd64 JRE (1.8.0_333-b02), built on Apr 25 2022 22:49:11 by "java_re" with MS VC++ 15.9 (VS2017)

time: Tue Aug  9 13:06:31 2022
timezone: Hora estándar de Argentina
elapsed time: 15.336406 seconds (0d 0h 0m 15s)

