#
# There is insufficient memory for the Java Runtime Environment to continue.
# Native memory allocation (malloc) failed to allocate 1702576 bytes for Chunk::new
# Possible reasons:
#   The system is out of physical RAM or swap space
#   The process is running with CompressedOops enabled, and the Java Heap may be blocking the growth of the native heap
# Possible solutions:
#   Reduce memory load on the system
#   Increase physical memory or swap space
#   Check if swap backing store is full
#   Decrease Java heap size (-Xmx/-Xms)
#   Decrease number of Java threads
#   Decrease Java thread stack sizes (-Xss)
#   Set larger code cache with -XX:ReservedCodeCacheSize=
#   JVM is running with Unscaled Compressed Oops mode in which the Java heap is
#     placed in the first 4GB address space. The Java Heap base address is the
#     maximum limit for the native heap growth. Please use -XX:HeapBaseMinAddress
#     to set the Java Heap base and to place the Java Heap above 4GB virtual address.
# This output file may be truncated or incomplete.
#
#  Out of Memory Error (allocation.cpp:389), pid=11308, tid=0x0000000000002b14
#
# JRE version: Java(TM) SE Runtime Environment (8.0_333-b02) (build 1.8.0_333-b02)
# Java VM: Java HotSpot(TM) 64-Bit Server VM (25.333-b02 mixed mode windows-amd64 compressed oops)
# Failed to write core dump. Minidumps are not enabled by default on client versions of Windows
#

---------------  T H R E A D  ---------------

Current thread (0x0000027f97b71800):  JavaThread "C2 CompilerThread1" daemon [_thread_in_native, id=11028, stack(0x000000dc40c00000,0x000000dc40d00000)]

Stack: [0x000000dc40c00000,0x000000dc40d00000]
Native frames: (J=compiled Java code, j=interpreted, Vv=VM code, C=native code)
V  [jvm.dll+0x32fc49]
V  [jvm.dll+0x2761a2]
V  [jvm.dll+0x276e4d]
V  [jvm.dll+0x26d7f5]
V  [jvm.dll+0xd5a0c]
V  [jvm.dll+0xd620c]
V  [jvm.dll+0x4716a3]
V  [jvm.dll+0x438d60]
V  [jvm.dll+0x441d65]
V  [jvm.dll+0x441125]
V  [jvm.dll+0x42becb]
V  [jvm.dll+0xac68b]
V  [jvm.dll+0xaaceb]
V  [jvm.dll+0x23e6f2]
V  [jvm.dll+0x292edc]
C  [ucrtbase.dll+0x21bb2]
C  [KERNEL32.DLL+0x17034]
C  [ntdll.dll+0x52651]


Current CompileTask:
C2:   8116 2340   !   4       org.codehaus.plexus.interpolation.StringSearchInterpolator::interpolate (668 bytes)


---------------  P R O C E S S  ---------------

Java Threads: ( => current thread )
  0x0000027f97bf7000 JavaThread "Service Thread" daemon [_thread_blocked, id=11684, stack(0x000000dc40e00000,0x000000dc40f00000)]
  0x0000027f97b7f000 JavaThread "C1 CompilerThread2" daemon [_thread_in_native, id=11748, stack(0x000000dc40d00000,0x000000dc40e00000)]
=>0x0000027f97b71800 JavaThread "C2 CompilerThread1" daemon [_thread_in_native, id=11028, stack(0x000000dc40c00000,0x000000dc40d00000)]
  0x0000027f97b6d800 JavaThread "C2 CompilerThread0" daemon [_thread_in_native, id=11148, stack(0x000000dc40b00000,0x000000dc40c00000)]
  0x0000027f97b6c000 JavaThread "Attach Listener" daemon [_thread_blocked, id=5332, stack(0x000000dc40a00000,0x000000dc40b00000)]
  0x0000027f97b6a800 JavaThread "Signal Dispatcher" daemon [_thread_blocked, id=10856, stack(0x000000dc40900000,0x000000dc40a00000)]
  0x0000027f97419000 JavaThread "Finalizer" daemon [_thread_blocked, id=5064, stack(0x000000dc40800000,0x000000dc40900000)]
  0x0000027f97b46000 JavaThread "Reference Handler" daemon [_thread_blocked, id=3148, stack(0x000000dc40700000,0x000000dc40800000)]
  0x0000027f84c94000 JavaThread "main" [_thread_in_Java, id=11848, stack(0x000000dc40100000,0x000000dc40200000)]

Other Threads:
  0x0000027f97b25800 VMThread [stack: 0x000000dc40600000,0x000000dc40700000] [id=9104]
  0x0000027f97bff800 WatcherThread [stack: 0x000000dc40f00000,0x000000dc41000000] [id=4800]

VM state:not at safepoint (normal execution)

VM Mutex/Monitor currently owned by a thread: None

heap address: 0x00000000e1a00000, size: 486 MB, Compressed Oops mode: 32-bit
Narrow klass base: 0x0000000000000000, Narrow klass shift: 3
Compressed class space size: 1073741824 Address: 0x0000000100000000

Heap:
 PSYoungGen      total 38912K, used 25282K [0x00000000f5e00000, 0x00000000fa000000, 0x0000000100000000)
  eden space 34304K, 60% used [0x00000000f5e00000,0x00000000f72349f8,0x00000000f7f80000)
  from space 4608K, 99% used [0x00000000f7f80000,0x00000000f83fc010,0x00000000f8400000)
  to   space 6144K, 0% used [0x00000000f9a00000,0x00000000f9a00000,0x00000000fa000000)
 ParOldGen       total 22016K, used 10181K [0x00000000e1a00000, 0x00000000e2f80000, 0x00000000f5e00000)
  object space 22016K, 46% used [0x00000000e1a00000,0x00000000e23f1660,0x00000000e2f80000)
 Metaspace       used 15916K, capacity 16362K, committed 16640K, reserved 1064960K
  class space    used 1887K, capacity 2026K, committed 2048K, reserved 1048576K

Card table byte_map: [0x0000027f95940000,0x0000027f95a40000] byte_map_base: 0x0000027f95233000

Marking Bits: (ParMarkBitMap*) 0x0000000077429030
 Begin Bits: [0x0000027f95af0000, 0x0000027f96288000)
 End Bits:   [0x0000027f96288000, 0x0000027f96a20000)

Polling page: 0x0000027f84d80000

CodeCache: size=245760Kb used=8964Kb max_used=8964Kb free=236795Kb
 bounds [0x0000027f86580000, 0x0000027f86e50000, 0x0000027f95580000]
 total_blobs=2893 nmethods=2546 adapters=259
 compilation: enabled

Compilation events (10 events):
Event: 7.989 Thread 0x0000027f97b7f000 2516       3       org.eclipse.aether.repository.RemoteRepository::copy (39 bytes)
Event: 7.994 Thread 0x0000027f97b7f000 nmethod 2516 0x0000027f86e20f90 code [0x0000027f86e211a0, 0x0000027f86e21cc0]
Event: 8.010 Thread 0x0000027f97b7f000 2517       1       org.eclipse.aether.collection.DependencyManagement::getExclusions (5 bytes)
Event: 8.010 Thread 0x0000027f97b7f000 nmethod 2517 0x0000027f86e20cd0 code [0x0000027f86e20e20, 0x0000027f86e20f38]
Event: 8.019 Thread 0x0000027f97b7f000 2518       1       org.eclipse.aether.internal.impl.collect.DefaultDependencyCollectionContext::getDependency (5 bytes)
Event: 8.019 Thread 0x0000027f97b7f000 nmethod 2518 0x0000027f86e20a10 code [0x0000027f86e20b60, 0x0000027f86e20c78]
Event: 8.021 Thread 0x0000027f97b6d800 2519       4       java.util.HashMap$Node::hashCode (16 bytes)
Event: 8.024 Thread 0x0000027f97b6d800 nmethod 2519 0x0000027f86e1f110 code [0x0000027f86e1f260, 0x0000027f86e1f3b8]
Event: 8.027 Thread 0x0000027f97b7f000 2520       3       org.apache.maven.model.building.DefaultModelBuildingRequest::getUserProperties (23 bytes)
Event: 8.028 Thread 0x0000027f97b7f000 nmethod 2520 0x0000027f86e1ea10 code [0x0000027f86e1ebc0, 0x0000027f86e1ef70]

GC Heap History (10 events):
Event: 2.713 GC heap before
{Heap before GC invocations=5 (full 0):
 PSYoungGen      total 9728K, used 9696K [0x00000000f5e00000, 0x00000000f7100000, 0x0000000100000000)
  eden space 8704K, 100% used [0x00000000f5e00000,0x00000000f6680000,0x00000000f6680000)
  from space 1024K, 96% used [0x00000000f6780000,0x00000000f6878020,0x00000000f6880000)
  to   space 1024K, 0% used [0x00000000f6680000,0x00000000f6680000,0x00000000f6780000)
 ParOldGen       total 22016K, used 4736K [0x00000000e1a00000, 0x00000000e2f80000, 0x00000000f5e00000)
  object space 22016K, 21% used [0x00000000e1a00000,0x00000000e1ea0328,0x00000000e2f80000)
 Metaspace       used 9544K, capacity 9788K, committed 9984K, reserved 1058816K
  class space    used 1141K, capacity 1222K, committed 1280K, reserved 1048576K
Event: 2.717 GC heap after
Heap after GC invocations=5 (full 0):
 PSYoungGen      total 9728K, used 1008K [0x00000000f5e00000, 0x00000000f7500000, 0x0000000100000000)
  eden space 8704K, 0% used [0x00000000f5e00000,0x00000000f5e00000,0x00000000f6680000)
  from space 1024K, 98% used [0x00000000f6680000,0x00000000f677c030,0x00000000f6780000)
  to   space 3072K, 0% used [0x00000000f7200000,0x00000000f7200000,0x00000000f7500000)
 ParOldGen       total 22016K, used 6306K [0x00000000e1a00000, 0x00000000e2f80000, 0x00000000f5e00000)
  object space 22016K, 28% used [0x00000000e1a00000,0x00000000e2028aa0,0x00000000e2f80000)
 Metaspace       used 9544K, capacity 9788K, committed 9984K, reserved 1058816K
  class space    used 1141K, capacity 1222K, committed 1280K, reserved 1048576K
}
Event: 2.918 GC heap before
{Heap before GC invocations=6 (full 0):
 PSYoungGen      total 9728K, used 9712K [0x00000000f5e00000, 0x00000000f7500000, 0x0000000100000000)
  eden space 8704K, 100% used [0x00000000f5e00000,0x00000000f6680000,0x00000000f6680000)
  from space 1024K, 98% used [0x00000000f6680000,0x00000000f677c030,0x00000000f6780000)
  to   space 3072K, 0% used [0x00000000f7200000,0x00000000f7200000,0x00000000f7500000)
 ParOldGen       total 22016K, used 6306K [0x00000000e1a00000, 0x00000000e2f80000, 0x00000000f5e00000)
  object space 22016K, 28% used [0x00000000e1a00000,0x00000000e2028aa0,0x00000000e2f80000)
 Metaspace       used 10545K, capacity 10782K, committed 10880K, reserved 1058816K
  class space    used 1269K, capacity 1358K, committed 1408K, reserved 1048576K
Event: 2.924 GC heap after
Heap after GC invocations=6 (full 0):
 PSYoungGen      total 20480K, used 2472K [0x00000000f5e00000, 0x00000000f7500000, 0x0000000100000000)
  eden space 17408K, 0% used [0x00000000f5e00000,0x00000000f5e00000,0x00000000f6f00000)
  from space 3072K, 80% used [0x00000000f7200000,0x00000000f746a210,0x00000000f7500000)
  to   space 3072K, 0% used [0x00000000f6f00000,0x00000000f6f00000,0x00000000f7200000)
 ParOldGen       total 22016K, used 6306K [0x00000000e1a00000, 0x00000000e2f80000, 0x00000000f5e00000)
  object space 22016K, 28% used [0x00000000e1a00000,0x00000000e2028aa0,0x00000000e2f80000)
 Metaspace       used 10545K, capacity 10782K, committed 10880K, reserved 1058816K
  class space    used 1269K, capacity 1358K, committed 1408K, reserved 1048576K
}
Event: 3.469 GC heap before
{Heap before GC invocations=7 (full 0):
 PSYoungGen      total 20480K, used 19880K [0x00000000f5e00000, 0x00000000f7500000, 0x0000000100000000)
  eden space 17408K, 100% used [0x00000000f5e00000,0x00000000f6f00000,0x00000000f6f00000)
  from space 3072K, 80% used [0x00000000f7200000,0x00000000f746a210,0x00000000f7500000)
  to   space 3072K, 0% used [0x00000000f6f00000,0x00000000f6f00000,0x00000000f7200000)
 ParOldGen       total 22016K, used 6306K [0x00000000e1a00000, 0x00000000e2f80000, 0x00000000f5e00000)
  object space 22016K, 28% used [0x00000000e1a00000,0x00000000e2028aa0,0x00000000e2f80000)
 Metaspace       used 12507K, capacity 12758K, committed 12928K, reserved 1060864K
  class space    used 1544K, capacity 1652K, committed 1664K, reserved 1048576K
Event: 3.491 GC heap after
Heap after GC invocations=7 (full 0):
 PSYoungGen      total 20480K, used 3054K [0x00000000f5e00000, 0x00000000f8800000, 0x0000000100000000)
  eden space 17408K, 0% used [0x00000000f5e00000,0x00000000f5e00000,0x00000000f6f00000)
  from space 3072K, 99% used [0x00000000f6f00000,0x00000000f71fbb48,0x00000000f7200000)
  to   space 4096K, 0% used [0x00000000f8400000,0x00000000f8400000,0x00000000f8800000)
 ParOldGen       total 22016K, used 7300K [0x00000000e1a00000, 0x00000000e2f80000, 0x00000000f5e00000)
  object space 22016K, 33% used [0x00000000e1a00000,0x00000000e21210f8,0x00000000e2f80000)
 Metaspace       used 12507K, capacity 12758K, committed 12928K, reserved 1060864K
  class space    used 1544K, capacity 1652K, committed 1664K, reserved 1048576K
}
Event: 4.570 GC heap before
{Heap before GC invocations=8 (full 0):
 PSYoungGen      total 20480K, used 20462K [0x00000000f5e00000, 0x00000000f8800000, 0x0000000100000000)
  eden space 17408K, 100% used [0x00000000f5e00000,0x00000000f6f00000,0x00000000f6f00000)
  from space 3072K, 99% used [0x00000000f6f00000,0x00000000f71fbb48,0x00000000f7200000)
  to   space 4096K, 0% used [0x00000000f8400000,0x00000000f8400000,0x00000000f8800000)
 ParOldGen       total 22016K, used 7300K [0x00000000e1a00000, 0x00000000e2f80000, 0x00000000f5e00000)
  object space 22016K, 33% used [0x00000000e1a00000,0x00000000e21210f8,0x00000000e2f80000)
 Metaspace       used 14593K, capacity 14968K, committed 15232K, reserved 1062912K
  class space    used 1798K, capacity 1888K, committed 1920K, reserved 1048576K
Event: 4.622 GC heap after
Heap after GC invocations=8 (full 0):
 PSYoungGen      total 38400K, used 4085K [0x00000000f5e00000, 0x00000000f8900000, 0x0000000100000000)
  eden space 34304K, 0% used [0x00000000f5e00000,0x00000000f5e00000,0x00000000f7f80000)
  from space 4096K, 99% used [0x00000000f8400000,0x00000000f87fd568,0x00000000f8800000)
  to   space 4608K, 0% used [0x00000000f7f80000,0x00000000f7f80000,0x00000000f8400000)
 ParOldGen       total 22016K, used 7568K [0x00000000e1a00000, 0x00000000e2f80000, 0x00000000f5e00000)
  object space 22016K, 34% used [0x00000000e1a00000,0x00000000e2164128,0x00000000e2f80000)
 Metaspace       used 14593K, capacity 14968K, committed 15232K, reserved 1062912K
  class space    used 1798K, capacity 1888K, committed 1920K, reserved 1048576K
}
Event: 7.143 GC heap before
{Heap before GC invocations=9 (full 0):
 PSYoungGen      total 38400K, used 38389K [0x00000000f5e00000, 0x00000000f8900000, 0x0000000100000000)
  eden space 34304K, 100% used [0x00000000f5e00000,0x00000000f7f80000,0x00000000f7f80000)
  from space 4096K, 99% used [0x00000000f8400000,0x00000000f87fd568,0x00000000f8800000)
  to   space 4608K, 0% used [0x00000000f7f80000,0x00000000f7f80000,0x00000000f8400000)
 ParOldGen       total 22016K, used 7568K [0x00000000e1a00000, 0x00000000e2f80000, 0x00000000f5e00000)
  object space 22016K, 34% used [0x00000000e1a00000,0x00000000e2164128,0x00000000e2f80000)
 Metaspace       used 15703K, capacity 16094K, committed 16384K, reserved 1062912K
  class space    used 1886K, capacity 2024K, committed 2048K, reserved 1048576K
Event: 7.164 GC heap after
Heap after GC invocations=9 (full 0):
 PSYoungGen      total 38912K, used 4592K [0x00000000f5e00000, 0x00000000fa000000, 0x0000000100000000)
  eden space 34304K, 0% used [0x00000000f5e00000,0x00000000f5e00000,0x00000000f7f80000)
  from space 4608K, 99% used [0x00000000f7f80000,0x00000000f83fc010,0x00000000f8400000)
  to   space 6144K, 0% used [0x00000000f9a00000,0x00000000f9a00000,0x00000000fa000000)
 ParOldGen       total 22016K, used 10181K [0x00000000e1a00000, 0x00000000e2f80000, 0x00000000f5e00000)
  object space 22016K, 46% used [0x00000000e1a00000,0x00000000e23f1660,0x00000000e2f80000)
 Metaspace       used 15703K, capacity 16094K, committed 16384K, reserved 1062912K
  class space    used 1886K, capacity 2024K, committed 2048K, reserved 1048576K
}

Deoptimization events (10 events):
Event: 6.069 Thread 0x0000027f84c94000 Uncommon trap: reason=unstable_if action=reinterpret pc=0x0000027f86bf5584 method=org.codehaus.plexus.util.xml.pull.MXParser.nextImpl()I @ 972
Event: 6.149 Thread 0x0000027f84c94000 Uncommon trap: reason=unstable_if action=reinterpret pc=0x0000027f86bf1804 method=org.apache.maven.model.validation.DefaultModelValidator.isValidIdCharacter(C)Z @ 51
Event: 6.383 Thread 0x0000027f84c94000 Uncommon trap: reason=unstable_if action=reinterpret pc=0x0000027f86c4fef0 method=java.util.HashMap.hash(Ljava/lang/Object;)I @ 1
Event: 6.383 Thread 0x0000027f84c94000 Uncommon trap: reason=unstable_if action=reinterpret pc=0x0000027f8692d45c method=java.util.HashMap.hash(Ljava/lang/Object;)I @ 1
Event: 6.384 Thread 0x0000027f84c94000 Uncommon trap: reason=unstable_if action=reinterpret pc=0x0000027f8693873c method=java.util.HashMap.hash(Ljava/lang/Object;)I @ 1
Event: 6.384 Thread 0x0000027f84c94000 Uncommon trap: reason=unstable_if action=reinterpret pc=0x0000027f868a5b68 method=java.util.HashMap.hash(Ljava/lang/Object;)I @ 1
Event: 6.878 Thread 0x0000027f84c94000 Uncommon trap: reason=null_check action=make_not_entrant pc=0x0000027f86cbdc0c method=org.apache.maven.model.io.xpp3.MavenXpp3Reader.checkFieldWithDuplicate(Lorg/codehaus/plexus/util/xml/pull/XmlPullParser;Ljava/lang/String;Ljava/lang/String;Ljava/util/Se
Event: 7.258 Thread 0x0000027f84c94000 Uncommon trap: reason=predicate action=maybe_recompile pc=0x0000027f86845d88 method=java.nio.charset.CharsetDecoder.decode(Ljava/nio/ByteBuffer;Ljava/nio/CharBuffer;Z)Ljava/nio/charset/CoderResult; @ 54
Event: 7.319 Thread 0x0000027f84c94000 Uncommon trap: reason=unstable_if action=reinterpret pc=0x0000027f86d2a87c method=org.apache.maven.model.io.xpp3.MavenXpp3Reader.nextTag(Lorg/codehaus/plexus/util/xml/pull/XmlPullParser;)I @ 9
Event: 7.496 Thread 0x0000027f84c94000 Uncommon trap: reason=null_check action=make_not_entrant pc=0x0000027f86dc6070 method=org.apache.maven.model.validation.DefaultModelValidator.validateEffectiveDependency(Lorg/apache/maven/model/building/ModelProblemCollector;Lorg/apache/maven/model/Depend

Classes redefined (0 events):
No events

Internal exceptions (10 events):
Event: 4.320 Thread 0x0000027f84c94000 Implicit null exception at 0x0000027f86ac3197 to 0x0000027f86ac5a09
Event: 4.401 Thread 0x0000027f84c94000 Implicit null exception at 0x0000027f867f0156 to 0x0000027f867f04f9
Event: 4.401 Thread 0x0000027f84c94000 Implicit null exception at 0x0000027f86796416 to 0x0000027f867967b1
Event: 6.011 Thread 0x0000027f84c94000 Implicit null exception at 0x0000027f86be1514 to 0x0000027f86be2739
Event: 6.383 Thread 0x0000027f84c94000 Implicit null exception at 0x0000027f86c4fc35 to 0x0000027f86c4fed9
Event: 6.383 Thread 0x0000027f84c94000 Implicit null exception at 0x0000027f8692ce3b to 0x0000027f8692d449
Event: 6.384 Thread 0x0000027f84c94000 Implicit null exception at 0x0000027f86938555 to 0x0000027f8693872d
Event: 6.384 Thread 0x0000027f84c94000 Implicit null exception at 0x0000027f868a5aef to 0x0000027f868a5b59
Event: 6.878 Thread 0x0000027f84c94000 Implicit null exception at 0x0000027f86cbd9af to 0x0000027f86cbdbf1
Event: 7.496 Thread 0x0000027f84c94000 Implicit null exception at 0x0000027f86dc5ae0 to 0x0000027f86dc604d

Events (10 events):
Event: 7.257 loading class sun/nio/cs/ISO_8859_1$Decoder done
Event: 7.258 Thread 0x0000027f84c94000 Uncommon trap: trap_request=0xffffff86 fr.pc=0x0000027f86845d88
Event: 7.258 Thread 0x0000027f84c94000 DEOPT PACKING pc=0x0000027f86845d88 sp=0x000000dc401fb930
Event: 7.258 Thread 0x0000027f84c94000 DEOPT UNPACKING pc=0x0000027f865c58c3 sp=0x000000dc401fb8d8 mode 2
Event: 7.319 Thread 0x0000027f84c94000 Uncommon trap: trap_request=0xffffff65 fr.pc=0x0000027f86d2a87c
Event: 7.319 Thread 0x0000027f84c94000 DEOPT PACKING pc=0x0000027f86d2a87c sp=0x000000dc401fc010
Event: 7.319 Thread 0x0000027f84c94000 DEOPT UNPACKING pc=0x0000027f865c58c3 sp=0x000000dc401fbfa8 mode 2
Event: 7.496 Thread 0x0000027f84c94000 Uncommon trap: trap_request=0xfffffff4 fr.pc=0x0000027f86dc6070
Event: 7.496 Thread 0x0000027f84c94000 DEOPT PACKING pc=0x0000027f86dc6070 sp=0x000000dc401fc100
Event: 7.496 Thread 0x0000027f84c94000 DEOPT UNPACKING pc=0x0000027f865c58c3 sp=0x000000dc401fc0c0 mode 2


Dynamic libraries:
0x00007ff7fa820000 - 0x00007ff7fa867000 	C:\Program Files\Java\jdk1.8.0_333\bin\java.exe
0x00007ffc928f0000 - 0x00007ffc92ae5000 	C:\Windows\SYSTEM32\ntdll.dll
0x00007ffc92740000 - 0x00007ffc927fe000 	C:\Windows\System32\KERNEL32.DLL
0x00007ffc902a0000 - 0x00007ffc90569000 	C:\Windows\System32\KERNELBASE.dll
0x00007ffc92800000 - 0x00007ffc928ac000 	C:\Windows\System32\ADVAPI32.dll
0x00007ffc92190000 - 0x00007ffc9222e000 	C:\Windows\System32\msvcrt.dll
0x00007ffc925c0000 - 0x00007ffc9265b000 	C:\Windows\System32\sechost.dll
0x00007ffc90ba0000 - 0x00007ffc90cca000 	C:\Windows\System32\RPCRT4.dll
0x00007ffc915e0000 - 0x00007ffc91781000 	C:\Windows\System32\USER32.dll
0x00007ffc90270000 - 0x00007ffc90292000 	C:\Windows\System32\win32u.dll
0x00007ffc91020000 - 0x00007ffc9104b000 	C:\Windows\System32\GDI32.dll
0x00007ffc90570000 - 0x00007ffc9067b000 	C:\Windows\System32\gdi32full.dll
0x00007ffc90730000 - 0x00007ffc907cd000 	C:\Windows\System32\msvcp_win.dll
0x00007ffc90170000 - 0x00007ffc90270000 	C:\Windows\System32\ucrtbase.dll
0x00007ffc82de0000 - 0x00007ffc8307a000 	C:\Windows\WinSxS\amd64_microsoft.windows.common-controls_6595b64144ccf1df_6.0.19041.1110_none_60b5254171f9507e\COMCTL32.dll
0x00007ffc92590000 - 0x00007ffc925c0000 	C:\Windows\System32\IMM32.DLL
0x00007ffc80f20000 - 0x00007ffc80f35000 	C:\Program Files\Java\jdk1.8.0_333\jre\bin\vcruntime140.dll
0x00007ffc5c0b0000 - 0x00007ffc5c14b000 	C:\Program Files\Java\jdk1.8.0_333\jre\bin\msvcp140.dll
0x0000000076c40000 - 0x00000000774a1000 	C:\Program Files\Java\jdk1.8.0_333\jre\bin\server\jvm.dll
0x00007ffc914d0000 - 0x00007ffc914d8000 	C:\Windows\System32\PSAPI.DLL
0x00007ffc8fb90000 - 0x00007ffc8fb9a000 	C:\Windows\SYSTEM32\VERSION.dll
0x00007ffc7d6e0000 - 0x00007ffc7d707000 	C:\Windows\SYSTEM32\WINMM.dll
0x00007ffc80f40000 - 0x00007ffc80f49000 	C:\Windows\SYSTEM32\WSOCK32.dll
0x00007ffc90fb0000 - 0x00007ffc9101b000 	C:\Windows\System32\WS2_32.dll
0x00007ffc8dea0000 - 0x00007ffc8deb2000 	C:\Windows\SYSTEM32\kernel.appcore.dll
0x00007ffc7f3f0000 - 0x00007ffc7f400000 	C:\Program Files\Java\jdk1.8.0_333\jre\bin\verify.dll
0x00007ffc779e0000 - 0x00007ffc77a0b000 	C:\Program Files\Java\jdk1.8.0_333\jre\bin\java.dll
0x00007ffc7ddc0000 - 0x00007ffc7ddd8000 	C:\Program Files\Java\jdk1.8.0_333\jre\bin\zip.dll
0x00007ffc91940000 - 0x00007ffc9207f000 	C:\Windows\System32\SHELL32.dll
0x00007ffc8e0a0000 - 0x00007ffc8e830000 	C:\Windows\SYSTEM32\windows.storage.dll
0x00007ffc92230000 - 0x00007ffc92585000 	C:\Windows\System32\combase.dll
0x00007ffc8f9f0000 - 0x00007ffc8fa1c000 	C:\Windows\SYSTEM32\Wldp.dll
0x00007ffc920e0000 - 0x00007ffc9218d000 	C:\Windows\System32\SHCORE.dll
0x00007ffc92080000 - 0x00007ffc920d5000 	C:\Windows\System32\shlwapi.dll
0x00007ffc8ff50000 - 0x00007ffc8ff6f000 	C:\Windows\SYSTEM32\profapi.dll
0x0000000069ac0000 - 0x0000000069ae4000 	C:\Users\PASTA\AppData\Local\Temp\jansi-2.4.0-65d93f2c9ebbf4e1-jansi.dll
0x00007ffc81970000 - 0x00007ffc81b54000 	C:\Windows\SYSTEM32\dbghelp.dll
0x00007ffc907d0000 - 0x00007ffc90853000 	C:\Windows\System32\bcryptPrimitives.dll

VM Arguments:
jvm_args: -Dmaven.multiModuleProjectDirectory=C:\PROYECTOS\proyectointegrador\proyectointegrador\proyectointegrador_grupo91_ag\BackEnd 
java_command: org.apache.maven.wrapper.MavenWrapperMain -Dexec.vmArgs= -Dexec.args=${exec.vmArgs} -classpath %classpath ${exec.mainClass} ${exec.appArgs} -Dexec.executable=C:\Program Files\Java\jdk1.8.0_333\bin\java.exe -Dexec.mainClass=com.portfolio.ag.AgApplication -Dexec.classpathScope=runtime -Dexec.appArgs= -Dmaven.ext.class.path=C:\Program Files\NetBeans-14\netbeans\java\maven-nblib\netbeans-eventspy.jar -Dfile.encoding=UTF-8 org.codehaus.mojo:exec-maven-plugin:3.0.0:exec
java_class_path (initial): C:\PROYECTOS\proyectointegrador\proyectointegrador\proyectointegrador_grupo91_ag\BackEnd\.mvn\wrapper\maven-wrapper.jar
Launcher Type: SUN_STANDARD

Environment Variables:
JAVA_HOME=C:\Program Files\Java\jdk1.8.0_333
PATH=C:\Program Files\Amazon Corretto\jdk11.0.16_8\bin;C:\Program Files\Amazon Corretto\jdk11.0.15_9\bin;C:\Program Files\Common Files\Oracle\Java\javapath;C:\Program Files (x86)\Common Files\Oracle\Java\javapath;C:\Windows\system32;C:\Windows;C:\Windows\System32\Wbem;C:\Windows\System32\WindowsPowerShell\v1.0\;C:\Windows\System32\OpenSSH\;C:\Program Files\Microsoft VS Code\bin;C:\Program Files (x86)\dotnet\;C:\Program Files\dotnet\;C:\Program Files (x86)\QuickTime\QTSystem\;C:\Program Files\Git\cmd;C:\Program Files\Git\mingw64\bin;C:\Program Files\Git\usr\bin;C:\Program Files\nodejs\;C:\Program Files\MySQL\MySQL Shell 8.0\bin\;C:\Users\PASTA\AppData\Local\Microsoft\WindowsApps;C:\Users\PASTA\AppData\Roaming\npm;C:\Users\PASTA\AppData\Local\GitHubDesktop\bin
USERNAME=PASTA
OS=Windows_NT
PROCESSOR_IDENTIFIER=Intel64 Family 6 Model 58 Stepping 9, GenuineIntel



---------------  S Y S T E M  ---------------

OS: Windows 10 , 64 bit Build 19041 (10.0.19041.1202)

CPU:total 4 (initial active 4) (2 cores per cpu, 2 threads per core) family 6 model 58 stepping 9, cmov, cx8, fxsr, mmx, sse, sse2, sse3, ssse3, sse4.1, sse4.2, popcnt, avx, aes, clmul, erms, ht, tsc, tscinvbit, tscinv

Memory: 4k page, physical 1985484k(92164k free), swap 8014796k(4028k free)

vm_info: Java HotSpot(TM) 64-Bit Server VM (25.333-b02) for windows-amd64 JRE (1.8.0_333-b02), built on Apr 25 2022 22:49:11 by "java_re" with MS VC++ 15.9 (VS2017)

time: Tue Aug  9 13:07:06 2022
timezone: Hora estándar de Argentina
elapsed time: 8.128008 seconds (0d 0h 0m 8s)

